<?xml version="1.0" encoding="UTF-8"?>
<testsuites name="Mocha Tests" time="3.3270" tests="3" failures="1">
  <testsuite name="Root Suite" timestamp="2020-06-05T05:19:43" tests="0" time="0.0000" failures="0">
  </testsuite>
  <testsuite name="models/index" timestamp="2020-06-05T05:19:43" tests="2" file="/home/sdouser/Desktop/assessment3-student-Gorgainite/src/test/unit/index.test.js" time="3.3020" failures="1">
    <testcase name="models/index returns the task model" time="3.3010" classname="returns the task model">
      <failure message="Timeout of 2000ms exceeded. For async tests and hooks, ensure &quot;done()&quot; is called; if returning a Promise, ensure it resolves." type="Error"><![CDATA[Error: Timeout of 2000ms exceeded. For async tests and hooks, ensure "done()" is called; if returning a Promise, ensure it resolves.
    at processImmediate (internal/timers.js:456:21)]]></failure>
    </testcase>
    <testcase name="models/index returns the user model" time="0.0010" classname="returns the user model">
    </testcase>
  </testsuite>
  <testsuite name="models/task" timestamp="2020-06-05T05:19:46" tests="0" file="/home/sdouser/Desktop/assessment3-student-Gorgainite/src/test/unit/task.test.js" time="0.0000" failures="0">
  </testsuite>
  <testsuite name="create" timestamp="2020-06-05T05:19:46" tests="1" file="/home/sdouser/Desktop/assessment3-student-Gorgainite/src/test/unit/task.test.js" time="0.0250" failures="0">
    <testcase name="models/task create creates a task" time="0.0250" classname="creates a task">
    </testcase>
  </testsuite>
</testsuites>